TimeQuest Timing Analyzer report for lab7
Wed Apr 01 17:03:04 2015
Quartus II 64-Bit Version 12.1 Build 177 11/07/2012 SJ Web Edition


---------------------
; Table of Contents ;
---------------------
  1. Legal Notice
  2. TimeQuest Timing Analyzer Summary
  3. Parallel Compilation
  4. Clocks
  5. Slow Model Fmax Summary
  6. Slow Model Setup Summary
  7. Slow Model Hold Summary
  8. Slow Model Recovery Summary
  9. Slow Model Removal Summary
 10. Slow Model Minimum Pulse Width Summary
 11. Slow Model Minimum Pulse Width: 'clk_50'
 12. Clock to Output Times
 13. Minimum Clock to Output Times
 14. Propagation Delay
 15. Minimum Propagation Delay
 16. Fast Model Setup Summary
 17. Fast Model Hold Summary
 18. Fast Model Recovery Summary
 19. Fast Model Removal Summary
 20. Fast Model Minimum Pulse Width Summary
 21. Fast Model Minimum Pulse Width: 'clk_50'
 22. Clock to Output Times
 23. Minimum Clock to Output Times
 24. Propagation Delay
 25. Minimum Propagation Delay
 26. Multicorner Timing Analysis Summary
 27. Clock to Output Times
 28. Minimum Clock to Output Times
 29. Progagation Delay
 30. Minimum Progagation Delay
 31. Clock Transfers
 32. Report TCCS
 33. Report RSKM
 34. Unconstrained Paths
 35. TimeQuest Timing Analyzer Messages



----------------
; Legal Notice ;
----------------
Copyright (C) 1991-2012 Altera Corporation
Your use of Altera Corporation's design tools, logic functions 
and other software and tools, and its AMPP partner logic 
functions, and any output files from any of the foregoing 
(including device programming or simulation files), and any 
associated documentation or information are expressly subject 
to the terms and conditions of the Altera Program License 
Subscription Agreement, Altera MegaCore Function License 
Agreement, or other applicable license agreement, including, 
without limitation, that your use is for the sole purpose of 
programming logic devices manufactured by Altera and sold by 
Altera or its authorized distributors.  Please refer to the 
applicable agreement for further details.



+-----------------------------------------------------------------------+
; TimeQuest Timing Analyzer Summary                                     ;
+--------------------+--------------------------------------------------+
; Quartus II Version ; Version 12.1 Build 177 11/07/2012 SJ Web Edition ;
; Revision Name      ; lab7                                             ;
; Device Family      ; Cyclone II                                       ;
; Device Name        ; EP2C35F672C6                                     ;
; Timing Models      ; Final                                            ;
; Delay Model        ; Combined                                         ;
; Rise/Fall Delays   ; Unavailable                                      ;
+--------------------+--------------------------------------------------+


Parallel compilation was disabled, but you have multiple processors available. Enable parallel compilation to reduce compilation time.
+-------------------------------------+
; Parallel Compilation                ;
+----------------------------+--------+
; Processors                 ; Number ;
+----------------------------+--------+
; Number detected on machine ; 8      ;
; Maximum allowed            ; 1      ;
+----------------------------+--------+


+------------------------------------------------------------------------------------------------------------------------------------------------------------------------------------------------------------------------------------------------------------------------+
; Clocks                                                                                                                                                                                                                                                                 ;
+-----------------------------------+-----------+--------+-----------+-------+--------+------------+-----------+-------------+-------+--------+-----------+------------+----------+--------+-------------------------------------+---------------------------------------+
; Clock Name                        ; Type      ; Period ; Frequency ; Rise  ; Fall   ; Duty Cycle ; Divide by ; Multiply by ; Phase ; Offset ; Edge List ; Edge Shift ; Inverted ; Master ; Source                              ; Targets                               ;
+-----------------------------------+-----------+--------+-----------+-------+--------+------------+-----------+-------------+-------+--------+-----------+------------+----------+--------+-------------------------------------+---------------------------------------+
; clk_50                            ; Base      ; 20.000 ; 50.0 MHz  ; 0.000 ; 10.000 ;            ;           ;             ;       ;        ;           ;            ;          ;        ;                                     ; { clk_50 }                            ;
; inst1|altpll_component|pll|clk[0] ; Generated ; 8.000  ; 125.0 MHz ; 0.000 ; 4.000  ; 50.00      ; 2         ; 5           ;       ;        ;           ;            ; false    ; clk_50 ; inst1|altpll_component|pll|inclk[0] ; { inst1|altpll_component|pll|clk[0] } ;
; inst1|altpll_component|pll|clk[1] ; Generated ; 16.000 ; 62.5 MHz  ; 0.000 ; 8.000  ; 50.00      ; 4         ; 5           ;       ;        ;           ;            ; false    ; clk_50 ; inst1|altpll_component|pll|inclk[0] ; { inst1|altpll_component|pll|clk[1] } ;
+-----------------------------------+-----------+--------+-----------+-------+--------+------------+-----------+-------------+-------+--------+-----------+------------+----------+--------+-------------------------------------+---------------------------------------+


---------------------------
; Slow Model Fmax Summary ;
---------------------------
No paths to report.


----------------------------
; Slow Model Setup Summary ;
----------------------------
No paths to report.


---------------------------
; Slow Model Hold Summary ;
---------------------------
No paths to report.


-------------------------------
; Slow Model Recovery Summary ;
-------------------------------
No paths to report.


------------------------------
; Slow Model Removal Summary ;
------------------------------
No paths to report.


+----------------------------------------+
; Slow Model Minimum Pulse Width Summary ;
+--------+--------+----------------------+
; Clock  ; Slack  ; End Point TNS        ;
+--------+--------+----------------------+
; clk_50 ; 10.000 ; 0.000                ;
+--------+--------+----------------------+


+-----------------------------------------------------------------------------------------------------------------------+
; Slow Model Minimum Pulse Width: 'clk_50'                                                                              ;
+--------+--------------+----------------+------------------+--------+------------+-------------------------------------+
; Slack  ; Actual Width ; Required Width ; Type             ; Clock  ; Clock Edge ; Target                              ;
+--------+--------------+----------------+------------------+--------+------------+-------------------------------------+
; 10.000 ; 10.000       ; 0.000          ; High Pulse Width ; clk_50 ; Rise       ; clk_50|combout                      ;
; 10.000 ; 10.000       ; 0.000          ; Low Pulse Width  ; clk_50 ; Rise       ; clk_50|combout                      ;
; 10.000 ; 10.000       ; 0.000          ; High Pulse Width ; clk_50 ; Rise       ; inst1|altpll_component|pll|clk[0]   ;
; 10.000 ; 10.000       ; 0.000          ; Low Pulse Width  ; clk_50 ; Rise       ; inst1|altpll_component|pll|clk[0]   ;
; 10.000 ; 10.000       ; 0.000          ; High Pulse Width ; clk_50 ; Rise       ; inst1|altpll_component|pll|clk[1]   ;
; 10.000 ; 10.000       ; 0.000          ; Low Pulse Width  ; clk_50 ; Rise       ; inst1|altpll_component|pll|clk[1]   ;
; 10.000 ; 10.000       ; 0.000          ; High Pulse Width ; clk_50 ; Rise       ; inst1|altpll_component|pll|inclk[0] ;
; 10.000 ; 10.000       ; 0.000          ; Low Pulse Width  ; clk_50 ; Rise       ; inst1|altpll_component|pll|inclk[0] ;
; 17.620 ; 20.000       ; 2.380          ; Port Rate        ; clk_50 ; Rise       ; clk_50                              ;
+--------+--------------+----------------+------------------+--------+------------+-------------------------------------+


+-------------------------------------------------------------------------------------------+
; Clock to Output Times                                                                     ;
+-------------+------------+-------+-------+------------+-----------------------------------+
; Data Port   ; Clock Port ; Rise  ; Fall  ; Clock Edge ; Clock Reference                   ;
+-------------+------------+-------+-------+------------+-----------------------------------+
; GPIO_1[*]   ; clk_50     ; 2.719 ;       ; Rise       ; inst1|altpll_component|pll|clk[0] ;
;  GPIO_1[16] ; clk_50     ; 2.702 ;       ; Rise       ; inst1|altpll_component|pll|clk[0] ;
;  GPIO_1[17] ; clk_50     ; 2.709 ;       ; Rise       ; inst1|altpll_component|pll|clk[0] ;
;  GPIO_1[18] ; clk_50     ; 2.719 ;       ; Rise       ; inst1|altpll_component|pll|clk[0] ;
;  GPIO_1[34] ; clk_50     ; 2.697 ;       ; Rise       ; inst1|altpll_component|pll|clk[0] ;
; GPIO_1[*]   ; clk_50     ;       ; 2.719 ; Fall       ; inst1|altpll_component|pll|clk[0] ;
;  GPIO_1[16] ; clk_50     ;       ; 2.702 ; Fall       ; inst1|altpll_component|pll|clk[0] ;
;  GPIO_1[17] ; clk_50     ;       ; 2.709 ; Fall       ; inst1|altpll_component|pll|clk[0] ;
;  GPIO_1[18] ; clk_50     ;       ; 2.719 ; Fall       ; inst1|altpll_component|pll|clk[0] ;
;  GPIO_1[34] ; clk_50     ;       ; 2.697 ; Fall       ; inst1|altpll_component|pll|clk[0] ;
; GPIO_0[*]   ; clk_50     ; 2.696 ;       ; Rise       ; inst1|altpll_component|pll|clk[1] ;
;  GPIO_0[16] ; clk_50     ; 2.686 ;       ; Rise       ; inst1|altpll_component|pll|clk[1] ;
;  GPIO_0[18] ; clk_50     ; 2.696 ;       ; Rise       ; inst1|altpll_component|pll|clk[1] ;
; GPIO_0[*]   ; clk_50     ;       ; 2.696 ; Fall       ; inst1|altpll_component|pll|clk[1] ;
;  GPIO_0[16] ; clk_50     ;       ; 2.686 ; Fall       ; inst1|altpll_component|pll|clk[1] ;
;  GPIO_0[18] ; clk_50     ;       ; 2.696 ; Fall       ; inst1|altpll_component|pll|clk[1] ;
+-------------+------------+-------+-------+------------+-----------------------------------+


+-------------------------------------------------------------------------------------------+
; Minimum Clock to Output Times                                                             ;
+-------------+------------+-------+-------+------------+-----------------------------------+
; Data Port   ; Clock Port ; Rise  ; Fall  ; Clock Edge ; Clock Reference                   ;
+-------------+------------+-------+-------+------------+-----------------------------------+
; GPIO_1[*]   ; clk_50     ; 2.697 ;       ; Rise       ; inst1|altpll_component|pll|clk[0] ;
;  GPIO_1[16] ; clk_50     ; 2.702 ;       ; Rise       ; inst1|altpll_component|pll|clk[0] ;
;  GPIO_1[17] ; clk_50     ; 2.709 ;       ; Rise       ; inst1|altpll_component|pll|clk[0] ;
;  GPIO_1[18] ; clk_50     ; 2.719 ;       ; Rise       ; inst1|altpll_component|pll|clk[0] ;
;  GPIO_1[34] ; clk_50     ; 2.697 ;       ; Rise       ; inst1|altpll_component|pll|clk[0] ;
; GPIO_1[*]   ; clk_50     ;       ; 2.697 ; Fall       ; inst1|altpll_component|pll|clk[0] ;
;  GPIO_1[16] ; clk_50     ;       ; 2.702 ; Fall       ; inst1|altpll_component|pll|clk[0] ;
;  GPIO_1[17] ; clk_50     ;       ; 2.709 ; Fall       ; inst1|altpll_component|pll|clk[0] ;
;  GPIO_1[18] ; clk_50     ;       ; 2.719 ; Fall       ; inst1|altpll_component|pll|clk[0] ;
;  GPIO_1[34] ; clk_50     ;       ; 2.697 ; Fall       ; inst1|altpll_component|pll|clk[0] ;
; GPIO_0[*]   ; clk_50     ; 2.686 ;       ; Rise       ; inst1|altpll_component|pll|clk[1] ;
;  GPIO_0[16] ; clk_50     ; 2.686 ;       ; Rise       ; inst1|altpll_component|pll|clk[1] ;
;  GPIO_0[18] ; clk_50     ; 2.696 ;       ; Rise       ; inst1|altpll_component|pll|clk[1] ;
; GPIO_0[*]   ; clk_50     ;       ; 2.686 ; Fall       ; inst1|altpll_component|pll|clk[1] ;
;  GPIO_0[16] ; clk_50     ;       ; 2.686 ; Fall       ; inst1|altpll_component|pll|clk[1] ;
;  GPIO_0[18] ; clk_50     ;       ; 2.696 ; Fall       ; inst1|altpll_component|pll|clk[1] ;
+-------------+------------+-------+-------+------------+-----------------------------------+


+----------------------------------------------------+
; Propagation Delay                                  ;
+------------+-------------+-------+----+----+-------+
; Input Port ; Output Port ; RR    ; RF ; FR ; FF    ;
+------------+-------------+-------+----+----+-------+
; GPIO_0[1]  ; GPIO_1[32]  ; 9.477 ;    ;    ; 9.477 ;
; GPIO_0[3]  ; GPIO_1[30]  ; 9.563 ;    ;    ; 9.563 ;
; GPIO_0[4]  ; GPIO_1[33]  ; 8.287 ;    ;    ; 8.287 ;
; GPIO_0[5]  ; GPIO_1[28]  ; 9.574 ;    ;    ; 9.574 ;
; GPIO_0[6]  ; GPIO_1[31]  ; 9.109 ;    ;    ; 9.109 ;
; GPIO_0[7]  ; GPIO_1[26]  ; 9.505 ;    ;    ; 9.505 ;
; GPIO_0[8]  ; GPIO_1[29]  ; 9.524 ;    ;    ; 9.524 ;
; GPIO_0[9]  ; GPIO_1[25]  ; 9.210 ;    ;    ; 9.210 ;
; GPIO_0[10] ; GPIO_1[27]  ; 9.514 ;    ;    ; 9.514 ;
; GPIO_0[11] ; GPIO_1[23]  ; 9.231 ;    ;    ; 9.231 ;
; GPIO_0[12] ; GPIO_1[24]  ; 8.960 ;    ;    ; 8.960 ;
; GPIO_0[13] ; GPIO_1[21]  ; 9.193 ;    ;    ; 9.193 ;
; GPIO_0[14] ; GPIO_1[22]  ; 9.251 ;    ;    ; 9.251 ;
; GPIO_0[15] ; GPIO_1[19]  ; 9.237 ;    ;    ; 9.237 ;
+------------+-------------+-------+----+----+-------+


+----------------------------------------------------+
; Minimum Propagation Delay                          ;
+------------+-------------+-------+----+----+-------+
; Input Port ; Output Port ; RR    ; RF ; FR ; FF    ;
+------------+-------------+-------+----+----+-------+
; GPIO_0[1]  ; GPIO_1[32]  ; 9.477 ;    ;    ; 9.477 ;
; GPIO_0[3]  ; GPIO_1[30]  ; 9.563 ;    ;    ; 9.563 ;
; GPIO_0[4]  ; GPIO_1[33]  ; 8.287 ;    ;    ; 8.287 ;
; GPIO_0[5]  ; GPIO_1[28]  ; 9.574 ;    ;    ; 9.574 ;
; GPIO_0[6]  ; GPIO_1[31]  ; 9.109 ;    ;    ; 9.109 ;
; GPIO_0[7]  ; GPIO_1[26]  ; 9.505 ;    ;    ; 9.505 ;
; GPIO_0[8]  ; GPIO_1[29]  ; 9.524 ;    ;    ; 9.524 ;
; GPIO_0[9]  ; GPIO_1[25]  ; 9.210 ;    ;    ; 9.210 ;
; GPIO_0[10] ; GPIO_1[27]  ; 9.514 ;    ;    ; 9.514 ;
; GPIO_0[11] ; GPIO_1[23]  ; 9.231 ;    ;    ; 9.231 ;
; GPIO_0[12] ; GPIO_1[24]  ; 8.960 ;    ;    ; 8.960 ;
; GPIO_0[13] ; GPIO_1[21]  ; 9.193 ;    ;    ; 9.193 ;
; GPIO_0[14] ; GPIO_1[22]  ; 9.251 ;    ;    ; 9.251 ;
; GPIO_0[15] ; GPIO_1[19]  ; 9.237 ;    ;    ; 9.237 ;
+------------+-------------+-------+----+----+-------+


----------------------------
; Fast Model Setup Summary ;
----------------------------
No paths to report.


---------------------------
; Fast Model Hold Summary ;
---------------------------
No paths to report.


-------------------------------
; Fast Model Recovery Summary ;
-------------------------------
No paths to report.


------------------------------
; Fast Model Removal Summary ;
------------------------------
No paths to report.


+----------------------------------------+
; Fast Model Minimum Pulse Width Summary ;
+--------+--------+----------------------+
; Clock  ; Slack  ; End Point TNS        ;
+--------+--------+----------------------+
; clk_50 ; 10.000 ; 0.000                ;
+--------+--------+----------------------+


+-----------------------------------------------------------------------------------------------------------------------+
; Fast Model Minimum Pulse Width: 'clk_50'                                                                              ;
+--------+--------------+----------------+------------------+--------+------------+-------------------------------------+
; Slack  ; Actual Width ; Required Width ; Type             ; Clock  ; Clock Edge ; Target                              ;
+--------+--------------+----------------+------------------+--------+------------+-------------------------------------+
; 10.000 ; 10.000       ; 0.000          ; High Pulse Width ; clk_50 ; Rise       ; clk_50|combout                      ;
; 10.000 ; 10.000       ; 0.000          ; Low Pulse Width  ; clk_50 ; Rise       ; clk_50|combout                      ;
; 10.000 ; 10.000       ; 0.000          ; High Pulse Width ; clk_50 ; Rise       ; inst1|altpll_component|pll|clk[0]   ;
; 10.000 ; 10.000       ; 0.000          ; Low Pulse Width  ; clk_50 ; Rise       ; inst1|altpll_component|pll|clk[0]   ;
; 10.000 ; 10.000       ; 0.000          ; High Pulse Width ; clk_50 ; Rise       ; inst1|altpll_component|pll|clk[1]   ;
; 10.000 ; 10.000       ; 0.000          ; Low Pulse Width  ; clk_50 ; Rise       ; inst1|altpll_component|pll|clk[1]   ;
; 10.000 ; 10.000       ; 0.000          ; High Pulse Width ; clk_50 ; Rise       ; inst1|altpll_component|pll|inclk[0] ;
; 10.000 ; 10.000       ; 0.000          ; Low Pulse Width  ; clk_50 ; Rise       ; inst1|altpll_component|pll|inclk[0] ;
; 17.620 ; 20.000       ; 2.380          ; Port Rate        ; clk_50 ; Rise       ; clk_50                              ;
+--------+--------------+----------------+------------------+--------+------------+-------------------------------------+


+-------------------------------------------------------------------------------------------+
; Clock to Output Times                                                                     ;
+-------------+------------+-------+-------+------------+-----------------------------------+
; Data Port   ; Clock Port ; Rise  ; Fall  ; Clock Edge ; Clock Reference                   ;
+-------------+------------+-------+-------+------------+-----------------------------------+
; GPIO_1[*]   ; clk_50     ; 1.298 ;       ; Rise       ; inst1|altpll_component|pll|clk[0] ;
;  GPIO_1[16] ; clk_50     ; 1.280 ;       ; Rise       ; inst1|altpll_component|pll|clk[0] ;
;  GPIO_1[17] ; clk_50     ; 1.288 ;       ; Rise       ; inst1|altpll_component|pll|clk[0] ;
;  GPIO_1[18] ; clk_50     ; 1.298 ;       ; Rise       ; inst1|altpll_component|pll|clk[0] ;
;  GPIO_1[34] ; clk_50     ; 1.277 ;       ; Rise       ; inst1|altpll_component|pll|clk[0] ;
; GPIO_1[*]   ; clk_50     ;       ; 1.298 ; Fall       ; inst1|altpll_component|pll|clk[0] ;
;  GPIO_1[16] ; clk_50     ;       ; 1.280 ; Fall       ; inst1|altpll_component|pll|clk[0] ;
;  GPIO_1[17] ; clk_50     ;       ; 1.288 ; Fall       ; inst1|altpll_component|pll|clk[0] ;
;  GPIO_1[18] ; clk_50     ;       ; 1.298 ; Fall       ; inst1|altpll_component|pll|clk[0] ;
;  GPIO_1[34] ; clk_50     ;       ; 1.277 ; Fall       ; inst1|altpll_component|pll|clk[0] ;
; GPIO_0[*]   ; clk_50     ; 1.276 ;       ; Rise       ; inst1|altpll_component|pll|clk[1] ;
;  GPIO_0[16] ; clk_50     ; 1.267 ;       ; Rise       ; inst1|altpll_component|pll|clk[1] ;
;  GPIO_0[18] ; clk_50     ; 1.276 ;       ; Rise       ; inst1|altpll_component|pll|clk[1] ;
; GPIO_0[*]   ; clk_50     ;       ; 1.276 ; Fall       ; inst1|altpll_component|pll|clk[1] ;
;  GPIO_0[16] ; clk_50     ;       ; 1.267 ; Fall       ; inst1|altpll_component|pll|clk[1] ;
;  GPIO_0[18] ; clk_50     ;       ; 1.276 ; Fall       ; inst1|altpll_component|pll|clk[1] ;
+-------------+------------+-------+-------+------------+-----------------------------------+


+-------------------------------------------------------------------------------------------+
; Minimum Clock to Output Times                                                             ;
+-------------+------------+-------+-------+------------+-----------------------------------+
; Data Port   ; Clock Port ; Rise  ; Fall  ; Clock Edge ; Clock Reference                   ;
+-------------+------------+-------+-------+------------+-----------------------------------+
; GPIO_1[*]   ; clk_50     ; 1.277 ;       ; Rise       ; inst1|altpll_component|pll|clk[0] ;
;  GPIO_1[16] ; clk_50     ; 1.280 ;       ; Rise       ; inst1|altpll_component|pll|clk[0] ;
;  GPIO_1[17] ; clk_50     ; 1.288 ;       ; Rise       ; inst1|altpll_component|pll|clk[0] ;
;  GPIO_1[18] ; clk_50     ; 1.298 ;       ; Rise       ; inst1|altpll_component|pll|clk[0] ;
;  GPIO_1[34] ; clk_50     ; 1.277 ;       ; Rise       ; inst1|altpll_component|pll|clk[0] ;
; GPIO_1[*]   ; clk_50     ;       ; 1.277 ; Fall       ; inst1|altpll_component|pll|clk[0] ;
;  GPIO_1[16] ; clk_50     ;       ; 1.280 ; Fall       ; inst1|altpll_component|pll|clk[0] ;
;  GPIO_1[17] ; clk_50     ;       ; 1.288 ; Fall       ; inst1|altpll_component|pll|clk[0] ;
;  GPIO_1[18] ; clk_50     ;       ; 1.298 ; Fall       ; inst1|altpll_component|pll|clk[0] ;
;  GPIO_1[34] ; clk_50     ;       ; 1.277 ; Fall       ; inst1|altpll_component|pll|clk[0] ;
; GPIO_0[*]   ; clk_50     ; 1.267 ;       ; Rise       ; inst1|altpll_component|pll|clk[1] ;
;  GPIO_0[16] ; clk_50     ; 1.267 ;       ; Rise       ; inst1|altpll_component|pll|clk[1] ;
;  GPIO_0[18] ; clk_50     ; 1.276 ;       ; Rise       ; inst1|altpll_component|pll|clk[1] ;
; GPIO_0[*]   ; clk_50     ;       ; 1.267 ; Fall       ; inst1|altpll_component|pll|clk[1] ;
;  GPIO_0[16] ; clk_50     ;       ; 1.267 ; Fall       ; inst1|altpll_component|pll|clk[1] ;
;  GPIO_0[18] ; clk_50     ;       ; 1.276 ; Fall       ; inst1|altpll_component|pll|clk[1] ;
+-------------+------------+-------+-------+------------+-----------------------------------+


+----------------------------------------------------+
; Propagation Delay                                  ;
+------------+-------------+-------+----+----+-------+
; Input Port ; Output Port ; RR    ; RF ; FR ; FF    ;
+------------+-------------+-------+----+----+-------+
; GPIO_0[1]  ; GPIO_1[32]  ; 5.396 ;    ;    ; 5.396 ;
; GPIO_0[3]  ; GPIO_1[30]  ; 5.398 ;    ;    ; 5.398 ;
; GPIO_0[4]  ; GPIO_1[33]  ; 4.784 ;    ;    ; 4.784 ;
; GPIO_0[5]  ; GPIO_1[28]  ; 5.378 ;    ;    ; 5.378 ;
; GPIO_0[6]  ; GPIO_1[31]  ; 5.183 ;    ;    ; 5.183 ;
; GPIO_0[7]  ; GPIO_1[26]  ; 5.338 ;    ;    ; 5.338 ;
; GPIO_0[8]  ; GPIO_1[29]  ; 5.356 ;    ;    ; 5.356 ;
; GPIO_0[9]  ; GPIO_1[25]  ; 5.214 ;    ;    ; 5.214 ;
; GPIO_0[10] ; GPIO_1[27]  ; 5.342 ;    ;    ; 5.342 ;
; GPIO_0[11] ; GPIO_1[23]  ; 5.226 ;    ;    ; 5.226 ;
; GPIO_0[12] ; GPIO_1[24]  ; 5.118 ;    ;    ; 5.118 ;
; GPIO_0[13] ; GPIO_1[21]  ; 5.181 ;    ;    ; 5.181 ;
; GPIO_0[14] ; GPIO_1[22]  ; 5.222 ;    ;    ; 5.222 ;
; GPIO_0[15] ; GPIO_1[19]  ; 5.226 ;    ;    ; 5.226 ;
+------------+-------------+-------+----+----+-------+


+----------------------------------------------------+
; Minimum Propagation Delay                          ;
+------------+-------------+-------+----+----+-------+
; Input Port ; Output Port ; RR    ; RF ; FR ; FF    ;
+------------+-------------+-------+----+----+-------+
; GPIO_0[1]  ; GPIO_1[32]  ; 5.396 ;    ;    ; 5.396 ;
; GPIO_0[3]  ; GPIO_1[30]  ; 5.398 ;    ;    ; 5.398 ;
; GPIO_0[4]  ; GPIO_1[33]  ; 4.784 ;    ;    ; 4.784 ;
; GPIO_0[5]  ; GPIO_1[28]  ; 5.378 ;    ;    ; 5.378 ;
; GPIO_0[6]  ; GPIO_1[31]  ; 5.183 ;    ;    ; 5.183 ;
; GPIO_0[7]  ; GPIO_1[26]  ; 5.338 ;    ;    ; 5.338 ;
; GPIO_0[8]  ; GPIO_1[29]  ; 5.356 ;    ;    ; 5.356 ;
; GPIO_0[9]  ; GPIO_1[25]  ; 5.214 ;    ;    ; 5.214 ;
; GPIO_0[10] ; GPIO_1[27]  ; 5.342 ;    ;    ; 5.342 ;
; GPIO_0[11] ; GPIO_1[23]  ; 5.226 ;    ;    ; 5.226 ;
; GPIO_0[12] ; GPIO_1[24]  ; 5.118 ;    ;    ; 5.118 ;
; GPIO_0[13] ; GPIO_1[21]  ; 5.181 ;    ;    ; 5.181 ;
; GPIO_0[14] ; GPIO_1[22]  ; 5.222 ;    ;    ; 5.222 ;
; GPIO_0[15] ; GPIO_1[19]  ; 5.226 ;    ;    ; 5.226 ;
+------------+-------------+-------+----+----+-------+


+----------------------------------------------------------------------------+
; Multicorner Timing Analysis Summary                                        ;
+------------------+-------+------+----------+---------+---------------------+
; Clock            ; Setup ; Hold ; Recovery ; Removal ; Minimum Pulse Width ;
+------------------+-------+------+----------+---------+---------------------+
; Worst-case Slack ; N/A   ; N/A  ; N/A      ; N/A     ; 10.000              ;
;  clk_50          ; N/A   ; N/A  ; N/A      ; N/A     ; 10.000              ;
; Design-wide TNS  ; 0.0   ; 0.0  ; 0.0      ; 0.0     ; 0.0                 ;
;  clk_50          ; N/A   ; N/A  ; N/A      ; N/A     ; 0.000               ;
+------------------+-------+------+----------+---------+---------------------+


+-------------------------------------------------------------------------------------------+
; Clock to Output Times                                                                     ;
+-------------+------------+-------+-------+------------+-----------------------------------+
; Data Port   ; Clock Port ; Rise  ; Fall  ; Clock Edge ; Clock Reference                   ;
+-------------+------------+-------+-------+------------+-----------------------------------+
; GPIO_1[*]   ; clk_50     ; 2.719 ;       ; Rise       ; inst1|altpll_component|pll|clk[0] ;
;  GPIO_1[16] ; clk_50     ; 2.702 ;       ; Rise       ; inst1|altpll_component|pll|clk[0] ;
;  GPIO_1[17] ; clk_50     ; 2.709 ;       ; Rise       ; inst1|altpll_component|pll|clk[0] ;
;  GPIO_1[18] ; clk_50     ; 2.719 ;       ; Rise       ; inst1|altpll_component|pll|clk[0] ;
;  GPIO_1[34] ; clk_50     ; 2.697 ;       ; Rise       ; inst1|altpll_component|pll|clk[0] ;
; GPIO_1[*]   ; clk_50     ;       ; 2.719 ; Fall       ; inst1|altpll_component|pll|clk[0] ;
;  GPIO_1[16] ; clk_50     ;       ; 2.702 ; Fall       ; inst1|altpll_component|pll|clk[0] ;
;  GPIO_1[17] ; clk_50     ;       ; 2.709 ; Fall       ; inst1|altpll_component|pll|clk[0] ;
;  GPIO_1[18] ; clk_50     ;       ; 2.719 ; Fall       ; inst1|altpll_component|pll|clk[0] ;
;  GPIO_1[34] ; clk_50     ;       ; 2.697 ; Fall       ; inst1|altpll_component|pll|clk[0] ;
; GPIO_0[*]   ; clk_50     ; 2.696 ;       ; Rise       ; inst1|altpll_component|pll|clk[1] ;
;  GPIO_0[16] ; clk_50     ; 2.686 ;       ; Rise       ; inst1|altpll_component|pll|clk[1] ;
;  GPIO_0[18] ; clk_50     ; 2.696 ;       ; Rise       ; inst1|altpll_component|pll|clk[1] ;
; GPIO_0[*]   ; clk_50     ;       ; 2.696 ; Fall       ; inst1|altpll_component|pll|clk[1] ;
;  GPIO_0[16] ; clk_50     ;       ; 2.686 ; Fall       ; inst1|altpll_component|pll|clk[1] ;
;  GPIO_0[18] ; clk_50     ;       ; 2.696 ; Fall       ; inst1|altpll_component|pll|clk[1] ;
+-------------+------------+-------+-------+------------+-----------------------------------+


+-------------------------------------------------------------------------------------------+
; Minimum Clock to Output Times                                                             ;
+-------------+------------+-------+-------+------------+-----------------------------------+
; Data Port   ; Clock Port ; Rise  ; Fall  ; Clock Edge ; Clock Reference                   ;
+-------------+------------+-------+-------+------------+-----------------------------------+
; GPIO_1[*]   ; clk_50     ; 1.277 ;       ; Rise       ; inst1|altpll_component|pll|clk[0] ;
;  GPIO_1[16] ; clk_50     ; 1.280 ;       ; Rise       ; inst1|altpll_component|pll|clk[0] ;
;  GPIO_1[17] ; clk_50     ; 1.288 ;       ; Rise       ; inst1|altpll_component|pll|clk[0] ;
;  GPIO_1[18] ; clk_50     ; 1.298 ;       ; Rise       ; inst1|altpll_component|pll|clk[0] ;
;  GPIO_1[34] ; clk_50     ; 1.277 ;       ; Rise       ; inst1|altpll_component|pll|clk[0] ;
; GPIO_1[*]   ; clk_50     ;       ; 1.277 ; Fall       ; inst1|altpll_component|pll|clk[0] ;
;  GPIO_1[16] ; clk_50     ;       ; 1.280 ; Fall       ; inst1|altpll_component|pll|clk[0] ;
;  GPIO_1[17] ; clk_50     ;       ; 1.288 ; Fall       ; inst1|altpll_component|pll|clk[0] ;
;  GPIO_1[18] ; clk_50     ;       ; 1.298 ; Fall       ; inst1|altpll_component|pll|clk[0] ;
;  GPIO_1[34] ; clk_50     ;       ; 1.277 ; Fall       ; inst1|altpll_component|pll|clk[0] ;
; GPIO_0[*]   ; clk_50     ; 1.267 ;       ; Rise       ; inst1|altpll_component|pll|clk[1] ;
;  GPIO_0[16] ; clk_50     ; 1.267 ;       ; Rise       ; inst1|altpll_component|pll|clk[1] ;
;  GPIO_0[18] ; clk_50     ; 1.276 ;       ; Rise       ; inst1|altpll_component|pll|clk[1] ;
; GPIO_0[*]   ; clk_50     ;       ; 1.267 ; Fall       ; inst1|altpll_component|pll|clk[1] ;
;  GPIO_0[16] ; clk_50     ;       ; 1.267 ; Fall       ; inst1|altpll_component|pll|clk[1] ;
;  GPIO_0[18] ; clk_50     ;       ; 1.276 ; Fall       ; inst1|altpll_component|pll|clk[1] ;
+-------------+------------+-------+-------+------------+-----------------------------------+


+----------------------------------------------------+
; Progagation Delay                                  ;
+------------+-------------+-------+----+----+-------+
; Input Port ; Output Port ; RR    ; RF ; FR ; FF    ;
+------------+-------------+-------+----+----+-------+
; GPIO_0[1]  ; GPIO_1[32]  ; 9.477 ;    ;    ; 9.477 ;
; GPIO_0[3]  ; GPIO_1[30]  ; 9.563 ;    ;    ; 9.563 ;
; GPIO_0[4]  ; GPIO_1[33]  ; 8.287 ;    ;    ; 8.287 ;
; GPIO_0[5]  ; GPIO_1[28]  ; 9.574 ;    ;    ; 9.574 ;
; GPIO_0[6]  ; GPIO_1[31]  ; 9.109 ;    ;    ; 9.109 ;
; GPIO_0[7]  ; GPIO_1[26]  ; 9.505 ;    ;    ; 9.505 ;
; GPIO_0[8]  ; GPIO_1[29]  ; 9.524 ;    ;    ; 9.524 ;
; GPIO_0[9]  ; GPIO_1[25]  ; 9.210 ;    ;    ; 9.210 ;
; GPIO_0[10] ; GPIO_1[27]  ; 9.514 ;    ;    ; 9.514 ;
; GPIO_0[11] ; GPIO_1[23]  ; 9.231 ;    ;    ; 9.231 ;
; GPIO_0[12] ; GPIO_1[24]  ; 8.960 ;    ;    ; 8.960 ;
; GPIO_0[13] ; GPIO_1[21]  ; 9.193 ;    ;    ; 9.193 ;
; GPIO_0[14] ; GPIO_1[22]  ; 9.251 ;    ;    ; 9.251 ;
; GPIO_0[15] ; GPIO_1[19]  ; 9.237 ;    ;    ; 9.237 ;
+------------+-------------+-------+----+----+-------+


+----------------------------------------------------+
; Minimum Progagation Delay                          ;
+------------+-------------+-------+----+----+-------+
; Input Port ; Output Port ; RR    ; RF ; FR ; FF    ;
+------------+-------------+-------+----+----+-------+
; GPIO_0[1]  ; GPIO_1[32]  ; 5.396 ;    ;    ; 5.396 ;
; GPIO_0[3]  ; GPIO_1[30]  ; 5.398 ;    ;    ; 5.398 ;
; GPIO_0[4]  ; GPIO_1[33]  ; 4.784 ;    ;    ; 4.784 ;
; GPIO_0[5]  ; GPIO_1[28]  ; 5.378 ;    ;    ; 5.378 ;
; GPIO_0[6]  ; GPIO_1[31]  ; 5.183 ;    ;    ; 5.183 ;
; GPIO_0[7]  ; GPIO_1[26]  ; 5.338 ;    ;    ; 5.338 ;
; GPIO_0[8]  ; GPIO_1[29]  ; 5.356 ;    ;    ; 5.356 ;
; GPIO_0[9]  ; GPIO_1[25]  ; 5.214 ;    ;    ; 5.214 ;
; GPIO_0[10] ; GPIO_1[27]  ; 5.342 ;    ;    ; 5.342 ;
; GPIO_0[11] ; GPIO_1[23]  ; 5.226 ;    ;    ; 5.226 ;
; GPIO_0[12] ; GPIO_1[24]  ; 5.118 ;    ;    ; 5.118 ;
; GPIO_0[13] ; GPIO_1[21]  ; 5.181 ;    ;    ; 5.181 ;
; GPIO_0[14] ; GPIO_1[22]  ; 5.222 ;    ;    ; 5.222 ;
; GPIO_0[15] ; GPIO_1[19]  ; 5.226 ;    ;    ; 5.226 ;
+------------+-------------+-------+----+----+-------+


-------------------
; Clock Transfers ;
-------------------
Nothing to report.


---------------
; Report TCCS ;
---------------
No dedicated SERDES Transmitter circuitry present in device or used in design


---------------
; Report RSKM ;
---------------
No dedicated SERDES Receiver circuitry present in device or used in design


+------------------------------------------------+
; Unconstrained Paths                            ;
+---------------------------------+-------+------+
; Property                        ; Setup ; Hold ;
+---------------------------------+-------+------+
; Illegal Clocks                  ; 0     ; 0    ;
; Unconstrained Clocks            ; 0     ; 0    ;
; Unconstrained Input Ports       ; 14    ; 14   ;
; Unconstrained Input Port Paths  ; 14    ; 14   ;
; Unconstrained Output Ports      ; 20    ; 20   ;
; Unconstrained Output Port Paths ; 20    ; 20   ;
+---------------------------------+-------+------+


+------------------------------------+
; TimeQuest Timing Analyzer Messages ;
+------------------------------------+
Info: *******************************************************************
Info: Running Quartus II 64-Bit TimeQuest Timing Analyzer
    Info: Version 12.1 Build 177 11/07/2012 SJ Web Edition
    Info: Processing started: Wed Apr 01 17:03:03 2015
Info: Command: quartus_sta lab7 -c lab7
Info: qsta_default_script.tcl version: #1
Warning (20028): Parallel compilation is not licensed and has been disabled
Info (21077): Low junction temperature is 0 degrees C
Info (21077): High junction temperature is 85 degrees C
Critical Warning (332012): Synopsys Design Constraints File file not found: 'lab7.sdc'. A Synopsys Design Constraints File is required by the TimeQuest Timing Analyzer to get proper timing constraints. Without it, the Compiler will not properly optimize the design.
Info (332142): No user constrained generated clocks found in the design. Calling "derive_pll_clocks -create_base_clocks"
Info (332110): Deriving PLL clocks
    Info (332110): create_clock -period 20.000 -waveform {0.000 10.000} -name clk_50 clk_50
    Info (332110): create_generated_clock -source {inst1|altpll_component|pll|inclk[0]} -divide_by 2 -multiply_by 5 -duty_cycle 50.00 -name {inst1|altpll_component|pll|clk[0]} {inst1|altpll_component|pll|clk[0]}
    Info (332110): create_generated_clock -source {inst1|altpll_component|pll|inclk[0]} -divide_by 4 -multiply_by 5 -duty_cycle 50.00 -name {inst1|altpll_component|pll|clk[1]} {inst1|altpll_component|pll|clk[1]}
Info (332142): No user constrained base clocks found in the design. Calling "derive_clocks -period 1.0"
Info (332096): The command derive_clocks did not find any clocks to derive.  No clocks were created or changed.
Info: Found TIMEQUEST_REPORT_SCRIPT_INCLUDE_DEFAULT_ANALYSIS = ON
Info: Analyzing Slow Model
Info (332140): No fmax paths to report
Info (332140): No Setup paths to report
Info (332140): No Hold paths to report
Info (332140): No Recovery paths to report
Info (332140): No Removal paths to report
Info (332146): Worst-case minimum pulse width slack is 10.000
    Info (332119):     Slack End Point TNS Clock 
    Info (332119): ========= ============= =====================
    Info (332119):    10.000         0.000 clk_50 
Info (332001): The selected device family is not supported by the report_metastability command.
Info: Analyzing Fast Model
Info (332140): No Setup paths to report
Info (332140): No Hold paths to report
Info (332140): No Recovery paths to report
Info (332140): No Removal paths to report
Info (332146): Worst-case minimum pulse width slack is 10.000
    Info (332119):     Slack End Point TNS Clock 
    Info (332119): ========= ============= =====================
    Info (332119):    10.000         0.000 clk_50 
Info (332001): The selected device family is not supported by the report_metastability command.
Info (332102): Design is not fully constrained for setup requirements
Info (332102): Design is not fully constrained for hold requirements
Info: Quartus II 64-Bit TimeQuest Timing Analyzer was successful. 0 errors, 2 warnings
    Info: Peak virtual memory: 399 megabytes
    Info: Processing ended: Wed Apr 01 17:03:04 2015
    Info: Elapsed time: 00:00:01
    Info: Total CPU time (on all processors): 00:00:01


